\BOOKMARK [1][-]{section.1}{Traffic Flow with PDEs}{}% 1
\BOOKMARK [2][-]{subsubsection.1.0.1}{ICFP M1 Numercial Physics Project 2017-2018}{section.1}% 2
\BOOKMARK [3][-]{subsubsection.1.0.2}{Introduction}{subsubsection.1.0.1}% 3
\BOOKMARK [3][-]{subsubsection.1.0.3}{Mathematical Models and Lighthill\205Whitham\205Richards \(LWR\) Equation}{subsubsection.1.0.1}% 4
\BOOKMARK [3][-]{subsubsection.1.0.4}{Burgers' Equation and Shocks}{subsubsection.1.0.1}% 5
\BOOKMARK [3][-]{subsubsection.1.0.5}{Numerically Solving the LWR Equation}{subsubsection.1.0.1}% 6
\BOOKMARK [3][-]{subsubsection.1.0.6}{CFL Condition}{subsubsection.1.0.1}% 7
\BOOKMARK [3][-]{subsubsection.1.0.7}{Overview}{subsubsection.1.0.1}% 8
\BOOKMARK [3][-]{subsubsection.1.0.8}{References}{subsubsection.1.0.1}% 9
\BOOKMARK [2][-]{subsection.1.1}{Finite Element Methods}{section.1}% 10
\BOOKMARK [3][-]{subsubsection.1.1.1}{Lax-Friedrichs \134mathcal\173O\175\(\134Delta t, \134frac\173\134Delta x\1362\175\173\134Delta t\175\)}{subsection.1.1}% 11
\BOOKMARK [3][-]{subsubsection.1.1.2}{Lax-Wendroff \134mathcal\173O\175\(\134Delta t\1362, \134Delta x\1362\)}{subsection.1.1}% 12
\BOOKMARK [2][-]{subsection.1.2}{Finite Volume Methods}{section.1}% 13
\BOOKMARK [3][-]{subsubsection.1.2.1}{Lax-Friedrichs \134mathcal\173O\175\(\134Delta t, \134Delta x\)}{subsection.1.2}% 14
\BOOKMARK [3][-]{subsubsection.1.2.2}{Lax-Wendroff \134mathcal\173O\175\(\134Delta t\1362, \134Delta x\1362\)}{subsection.1.2}% 15
\BOOKMARK [2][-]{subsection.1.3}{Gudonov Method \134mathcal\173O\175\(\134Delta t, \134Delta x\)}{section.1}% 16
\BOOKMARK [2][-]{subsection.1.4}{An exact numerical solution by the Lagrange method}{section.1}% 17
\BOOKMARK [1][-]{section.2}{Comparison and error analysis}{}% 18
\BOOKMARK [2][-]{subsection.2.1}{Comparison of all schemes}{section.2}% 19
\BOOKMARK [2][-]{subsection.2.2}{Error analysis}{section.2}% 20
\BOOKMARK [1][-]{section.3}{Conclusion}{}% 21
